<?xml version="1.0" encoding="UTF-8"?>
<!-- Generated by org.testng.reporters.JUnitReportReporter -->
<testsuite hostname="alayp78" failures="0" tests="1" name="CalculatorTest" time="0.005" errors="0" timestamp="2021-07-28T13:10:15 EDT" skipped="0">
  <testcase classname="CalculatorTest" name="testDoubleMultiply" time="0.005"/>
  <system-out/>
</testsuite> <!-- CalculatorTest -->
